2022-10-20 20:10:467 INFO  BasePage:50 - Initialize Web driver: 947173397
2022-10-20 20:10:544 INFO  WaitHelper:133 - waiting for page to load for : SECONDS seconds
2022-10-20 20:10:806 INFO  WaitHelper:135 - page is loaded
2022-10-20 20:10:482 INFO  BasePage:50 - Initialize Web driver: 208513211
2022-10-20 20:10:520 INFO  WaitHelper:133 - waiting for page to load for : SECONDS seconds
2022-10-20 20:10:570 INFO  WaitHelper:135 - page is loaded
2022-10-20 20:10:668 INFO  BasePage:50 - Initialize Web driver: 2016482777
2022-10-20 20:10:698 INFO  WaitHelper:133 - waiting for page to load for : SECONDS seconds
2022-10-20 20:10:746 INFO  WaitHelper:135 - page is loaded
2022-10-20 20:10:620 INFO  BasePage:65 - navigate To IndexPage....: https://automationteststore.com/
2022-10-20 21:10:12 INFO  VerificationHelper:19 - element is Displayed..Login or register
2022-10-20 21:10:354 INFO  BasePage:153 - Successfully Found element as :Login or register
2022-10-20 21:10:558 INFO  BasePage:207 - The element is Login or register Enabled
2022-10-20 21:10:110 INFO  BasePage:131 - WebElement is clicked: <Login or register>
2022-10-20 21:10:48 INFO  BasePage:280 - WebElement is visible using locator: <[[ChromeDriver: chrome on WINDOWS (875b1de8fd0f58d07bd74927c05e0027)] -> id: loginFrm_loginname]>
2022-10-20 21:10:676 INFO  BasePage:112 - Successfully Sent the following keys: 'datastudioplace' to element: <[[ChromeDriver: chrome on WINDOWS (875b1de8fd0f58d07bd74927c05e0027)] -> id: loginFrm_loginname]>
2022-10-20 21:10:810 INFO  BasePage:280 - WebElement is visible using locator: <[[ChromeDriver: chrome on WINDOWS (875b1de8fd0f58d07bd74927c05e0027)] -> css selector: #loginFrm_password]>
2022-10-20 21:10:329 INFO  BasePage:112 - Successfully Sent the following keys: 'Manchester1' to element: <[[ChromeDriver: chrome on WINDOWS (875b1de8fd0f58d07bd74927c05e0027)] -> css selector: #loginFrm_password]>
2022-10-20 21:10:524 INFO  VerificationHelper:19 - element is Displayed..Login
2022-10-20 21:10:384 INFO  BasePage:153 - Successfully Found element as :MY ACCOUNT INFORMATION
2022-10-20 21:10:582 INFO  BasePage:169 - The element is Displayed as: <MY ACCOUNT INFORMATION>
2022-10-20 21:10:690 INFO  BasePage:280 - WebElement is visible using locator: <[[ChromeDriver: chrome on WINDOWS (875b1de8fd0f58d07bd74927c05e0027)] -> name: firstname]>
2022-10-20 21:10:128 INFO  BasePage:112 - Successfully Sent the following keys: 'firstName' to element: <[[ChromeDriver: chrome on WINDOWS (875b1de8fd0f58d07bd74927c05e0027)] -> name: firstname]>
2022-10-20 21:10:248 INFO  BasePage:280 - WebElement is visible using locator: <[[ChromeDriver: chrome on WINDOWS (875b1de8fd0f58d07bd74927c05e0027)] -> xpath: //*[@id="AccountFrm_lastname"]]>
2022-10-20 21:10:828 INFO  BasePage:112 - Successfully Sent the following keys: 'lastName' to element: <[[ChromeDriver: chrome on WINDOWS (875b1de8fd0f58d07bd74927c05e0027)] -> xpath: //*[@id="AccountFrm_lastname"]]>
2022-10-20 21:10:966 INFO  BasePage:280 - WebElement is visible using locator: <[[ChromeDriver: chrome on WINDOWS (875b1de8fd0f58d07bd74927c05e0027)] -> id: AccountFrm_email]>
2022-10-20 21:10:172 INFO  BasePage:112 - Successfully Sent the following keys: '1666296026830@gmail.com' to element: <[[ChromeDriver: chrome on WINDOWS (875b1de8fd0f58d07bd74927c05e0027)] -> id: AccountFrm_email]>
2022-10-20 21:10:278 INFO  BasePage:280 - WebElement is visible using locator: <[[ChromeDriver: chrome on WINDOWS (875b1de8fd0f58d07bd74927c05e0027)] -> css selector: #AccountFrm_telephone]>
2022-10-20 21:10:985 INFO  BasePage:112 - Successfully Sent the following keys: '213-233-3340' to element: <[[ChromeDriver: chrome on WINDOWS (875b1de8fd0f58d07bd74927c05e0027)] -> css selector: #AccountFrm_telephone]>
2022-10-20 21:10:122 INFO  BasePage:280 - WebElement is visible using locator: <[[ChromeDriver: chrome on WINDOWS (875b1de8fd0f58d07bd74927c05e0027)] -> css selector: #AccountFrm_fax]>
2022-10-20 21:10:849 INFO  BasePage:112 - Successfully Sent the following keys: '213-233-7770' to element: <[[ChromeDriver: chrome on WINDOWS (875b1de8fd0f58d07bd74927c05e0027)] -> css selector: #AccountFrm_fax]>
2022-10-20 21:10:854 INFO  JavaScriptHelper:52 - scroll to WebElement...
2022-10-20 21:10:259 INFO  BasePage:153 - Successfully Found element as :  Logoff
2022-10-20 21:10:74 INFO  BasePage:169 - The element is Displayed as: <  Logoff>
2022-10-20 21:10:264 INFO  BasePage:125 - waiting for WebElement: <  Logoff>
2022-10-20 21:10:841 INFO  BasePage:125 - waiting for WebElement: <Continue>
2022-10-20 21:10:19 INFO  BasePage:153 - Successfully Found element as :Continue
2022-10-20 21:10:205 INFO  BasePage:169 - The element is Displayed as: <Continue>
2022-10-20 21:10:264 INFO  BasePage:125 - waiting for WebElement: <Continue>
2022-10-20 21:10:451 INFO  BasePage:125 - waiting for WebElement: <>
2023-04-11 18:04:429 INFO  BasePage:50 - Initialize Web driver: 208513211
2023-04-11 18:04:446 INFO  WaitHelper:133 - waiting for page to load for : SECONDS seconds
2023-04-11 18:04:477 INFO  WaitHelper:135 - page is loaded
2023-04-11 18:04:665 INFO  BasePage:65 - navigate To IndexPage....: https://automationteststore.com/
2023-04-11 18:04:526 INFO  VerificationHelper:19 - element is Displayed..Login or register
2023-04-11 18:04:661 INFO  BasePage:153 - Successfully Found element as :Login or register
2023-04-11 18:04:834 INFO  BasePage:207 - The element is Login or register Enabled
2023-04-11 18:04:201 INFO  BasePage:131 - WebElement is clicked: <Login or register>
2023-04-11 18:04:768 INFO  BasePage:280 - WebElement is visible using locator: <[[FirefoxDriver: firefox on WINDOWS (6e5af577-d8fb-404f-99d0-95c993f13396)] -> id: loginFrm_loginname]>
2023-04-11 18:04:198 INFO  BasePage:112 - Successfully Sent the following keys: 'datastudioplace' to element: <[[FirefoxDriver: firefox on WINDOWS (6e5af577-d8fb-404f-99d0-95c993f13396)] -> id: loginFrm_loginname]>
2023-04-11 18:04:326 INFO  BasePage:280 - WebElement is visible using locator: <[[FirefoxDriver: firefox on WINDOWS (6e5af577-d8fb-404f-99d0-95c993f13396)] -> css selector: #loginFrm_password]>
2023-04-11 18:04:554 INFO  BasePage:112 - Successfully Sent the following keys: 'Manchester1' to element: <[[FirefoxDriver: firefox on WINDOWS (6e5af577-d8fb-404f-99d0-95c993f13396)] -> css selector: #loginFrm_password]>
2023-04-11 18:04:777 INFO  VerificationHelper:19 - element is Displayed..Login
2023-04-11 18:04:160 INFO  BasePage:153 - Successfully Found element as :MY ACCOUNT INFORMATION
2023-04-11 18:04:345 INFO  BasePage:169 - The element is Displayed as: <MY ACCOUNT INFORMATION>
2023-04-11 18:04:434 INFO  BasePage:280 - WebElement is visible using locator: <[[FirefoxDriver: firefox on WINDOWS (6e5af577-d8fb-404f-99d0-95c993f13396)] -> name: firstname]>
2023-04-11 18:04:672 INFO  BasePage:112 - Successfully Sent the following keys: 'firstName' to element: <[[FirefoxDriver: firefox on WINDOWS (6e5af577-d8fb-404f-99d0-95c993f13396)] -> name: firstname]>
2023-04-11 18:04:790 INFO  BasePage:280 - WebElement is visible using locator: <[[FirefoxDriver: firefox on WINDOWS (6e5af577-d8fb-404f-99d0-95c993f13396)] -> xpath: //*[@id="AccountFrm_lastname"]]>
2023-04-11 18:04:98 INFO  BasePage:112 - Successfully Sent the following keys: 'lastName' to element: <[[FirefoxDriver: firefox on WINDOWS (6e5af577-d8fb-404f-99d0-95c993f13396)] -> xpath: //*[@id="AccountFrm_lastname"]]>
2023-04-11 18:04:239 INFO  BasePage:280 - WebElement is visible using locator: <[[FirefoxDriver: firefox on WINDOWS (6e5af577-d8fb-404f-99d0-95c993f13396)] -> id: AccountFrm_email]>
2023-04-11 18:04:669 INFO  BasePage:112 - Successfully Sent the following keys: '1681235391100@gmail.com' to element: <[[FirefoxDriver: firefox on WINDOWS (6e5af577-d8fb-404f-99d0-95c993f13396)] -> id: AccountFrm_email]>
2023-04-11 18:04:825 INFO  BasePage:280 - WebElement is visible using locator: <[[FirefoxDriver: firefox on WINDOWS (6e5af577-d8fb-404f-99d0-95c993f13396)] -> css selector: #AccountFrm_telephone]>
2023-04-11 18:04:259 INFO  BasePage:112 - Successfully Sent the following keys: '213-233-3340' to element: <[[FirefoxDriver: firefox on WINDOWS (6e5af577-d8fb-404f-99d0-95c993f13396)] -> css selector: #AccountFrm_telephone]>
2023-04-11 18:04:370 INFO  BasePage:280 - WebElement is visible using locator: <[[FirefoxDriver: firefox on WINDOWS (6e5af577-d8fb-404f-99d0-95c993f13396)] -> css selector: #AccountFrm_fax]>
2023-04-11 18:04:638 INFO  BasePage:112 - Successfully Sent the following keys: '213-233-7770' to element: <[[FirefoxDriver: firefox on WINDOWS (6e5af577-d8fb-404f-99d0-95c993f13396)] -> css selector: #AccountFrm_fax]>
2023-04-11 18:04:645 INFO  JavaScriptHelper:52 - scroll to WebElement...
2023-04-11 18:04:739 INFO  BasePage:153 - Successfully Found element as :  Logoff
2023-04-11 18:04:118 INFO  BasePage:169 - The element is Displayed as: <  Logoff>
2023-04-11 18:04:709 INFO  BasePage:125 - waiting for WebElement: <  Logoff>
2023-04-11 18:04:993 INFO  BasePage:125 - waiting for WebElement: <Continue>
2023-04-11 18:04:264 INFO  BasePage:153 - Successfully Found element as :Continue
2023-04-11 18:04:524 INFO  BasePage:169 - The element is Displayed as: <Continue>
2023-04-11 18:04:611 INFO  BasePage:125 - waiting for WebElement: <Continue>
2023-04-11 18:04:789 INFO  BasePage:125 - waiting for WebElement: <>
2023-04-11 18:04:752 INFO  BasePage:50 - Initialize Web driver: 2121491280
2023-04-11 18:04:798 INFO  WaitHelper:133 - waiting for page to load for : SECONDS seconds
2023-04-11 18:04:882 INFO  WaitHelper:135 - page is loaded
2023-04-11 18:04:269 INFO  BasePage:65 - navigate To IndexPage....: https://automationteststore.com
2023-04-11 18:04:420 INFO  VerificationHelper:19 - element is Displayed..Login or register
2023-04-11 18:04:631 INFO  BasePage:153 - Successfully Found element as :Login or register
2023-04-11 18:04:888 INFO  BasePage:207 - The element is Login or register Enabled
2023-04-11 18:04:594 INFO  BasePage:131 - WebElement is clicked: <Login or register>
2023-04-11 18:04:399 INFO  BasePage:280 - WebElement is visible using locator: <[[FirefoxDriver: firefox on WINDOWS (4bb8dff9-e8a3-419c-bb2d-f0c841e75db8)] -> id: loginFrm_loginname]>
2023-04-11 18:04:882 INFO  BasePage:112 - Successfully Sent the following keys: 'WrongLoginName' to element: <[[FirefoxDriver: firefox on WINDOWS (4bb8dff9-e8a3-419c-bb2d-f0c841e75db8)] -> id: loginFrm_loginname]>
2023-04-11 18:04:06 INFO  BasePage:280 - WebElement is visible using locator: <[[FirefoxDriver: firefox on WINDOWS (4bb8dff9-e8a3-419c-bb2d-f0c841e75db8)] -> css selector: #loginFrm_password]>
2023-04-11 18:04:250 INFO  BasePage:112 - Successfully Sent the following keys: 'Manchester1' to element: <[[FirefoxDriver: firefox on WINDOWS (4bb8dff9-e8a3-419c-bb2d-f0c841e75db8)] -> css selector: #loginFrm_password]>
2023-04-11 18:04:435 INFO  VerificationHelper:19 - element is Displayed..Login
2023-04-11 18:04:981 INFO  BasePage:125 - waiting for WebElement: <×
Error: Incorrect login or password provided.>
2023-04-11 18:04:524 INFO  BasePage:50 - Initialize Web driver: 641980258
2023-04-11 18:04:527 INFO  WaitHelper:133 - waiting for page to load for : SECONDS seconds
2023-04-11 18:04:551 INFO  WaitHelper:135 - page is loaded
2023-04-11 18:04:612 INFO  BasePage:65 - navigate To IndexPage....: https://automationteststore.com
2023-04-11 18:04:332 INFO  VerificationHelper:19 - element is Displayed..Login or register
2023-04-11 18:04:493 INFO  BasePage:153 - Successfully Found element as :Login or register
2023-04-11 18:04:674 INFO  BasePage:207 - The element is Login or register Enabled
2023-04-11 18:04:886 INFO  BasePage:131 - WebElement is clicked: <Login or register>
2023-04-11 18:04:232 INFO  BasePage:280 - WebElement is visible using locator: <[[FirefoxDriver: firefox on WINDOWS (c4ea2cfa-cd65-4eea-b0b9-519188d6e3eb)] -> id: loginFrm_loginname]>
2023-04-11 18:04:757 INFO  BasePage:112 - Successfully Sent the following keys: 'datastudioplace' to element: <[[FirefoxDriver: firefox on WINDOWS (c4ea2cfa-cd65-4eea-b0b9-519188d6e3eb)] -> id: loginFrm_loginname]>
2023-04-11 18:04:868 INFO  BasePage:280 - WebElement is visible using locator: <[[FirefoxDriver: firefox on WINDOWS (c4ea2cfa-cd65-4eea-b0b9-519188d6e3eb)] -> css selector: #loginFrm_password]>
2023-04-11 18:04:112 INFO  BasePage:112 - Successfully Sent the following keys: 'WrongPassword' to element: <[[FirefoxDriver: firefox on WINDOWS (c4ea2cfa-cd65-4eea-b0b9-519188d6e3eb)] -> css selector: #loginFrm_password]>
2023-04-11 18:04:261 INFO  VerificationHelper:19 - element is Displayed..Login
2023-04-11 18:04:330 INFO  BasePage:125 - waiting for WebElement: <×
Error: Incorrect login or password provided.>
2023-04-11 18:04:123 INFO  BasePage:50 - Initialize Web driver: 2031882979
2023-04-11 18:04:125 INFO  WaitHelper:133 - waiting for page to load for : SECONDS seconds
2023-04-11 18:04:148 INFO  WaitHelper:135 - page is loaded
2023-04-11 18:04:219 INFO  BasePage:65 - navigate To IndexPage....: https://automationteststore.com
2023-04-11 18:04:442 INFO  VerificationHelper:19 - element is Displayed..Login or register
2023-04-11 18:04:563 INFO  BasePage:153 - Successfully Found element as :Login or register
2023-04-11 18:04:780 INFO  BasePage:207 - The element is Login or register Enabled
2023-04-11 18:04:39 INFO  BasePage:131 - WebElement is clicked: <Login or register>
2023-04-11 18:04:510 INFO  BasePage:280 - WebElement is visible using locator: <[[FirefoxDriver: firefox on WINDOWS (36f3b08b-33d8-4cc8-bb77-abe3d08eaaa4)] -> id: loginFrm_loginname]>
2023-04-11 18:04:49 INFO  BasePage:112 - Successfully Sent the following keys: 'WrongLoginName' to element: <[[FirefoxDriver: firefox on WINDOWS (36f3b08b-33d8-4cc8-bb77-abe3d08eaaa4)] -> id: loginFrm_loginname]>
2023-04-11 18:04:165 INFO  BasePage:280 - WebElement is visible using locator: <[[FirefoxDriver: firefox on WINDOWS (36f3b08b-33d8-4cc8-bb77-abe3d08eaaa4)] -> css selector: #loginFrm_password]>
2023-04-11 18:04:371 INFO  BasePage:112 - Successfully Sent the following keys: 'WrongPassword' to element: <[[FirefoxDriver: firefox on WINDOWS (36f3b08b-33d8-4cc8-bb77-abe3d08eaaa4)] -> css selector: #loginFrm_password]>
2023-04-11 18:04:596 INFO  VerificationHelper:19 - element is Displayed..Login
2023-04-11 18:04:974 INFO  BasePage:125 - waiting for WebElement: <×
Error: Incorrect login or password provided.>
2023-04-11 18:04:657 INFO  BasePage:50 - Initialize Web driver: 1597425891
2023-04-11 18:04:660 INFO  WaitHelper:133 - waiting for page to load for : SECONDS seconds
2023-04-11 18:04:723 INFO  WaitHelper:135 - page is loaded
2023-04-11 18:04:794 INFO  BasePage:65 - navigate To IndexPage....: https://automationteststore.com
2023-04-11 18:04:840 INFO  VerificationHelper:19 - element is Displayed..Login or register
2023-04-11 18:04:973 INFO  BasePage:153 - Successfully Found element as :Login or register
2023-04-11 18:04:189 INFO  BasePage:207 - The element is Login or register Enabled
2023-04-11 18:04:429 INFO  BasePage:131 - WebElement is clicked: <Login or register>
2023-04-11 18:04:226 INFO  BasePage:280 - WebElement is visible using locator: <[[FirefoxDriver: firefox on WINDOWS (123590d7-b4d6-4b2c-8b22-6ecfbfaf8e96)] -> id: loginFrm_loginname]>
2023-04-11 18:04:703 INFO  BasePage:112 - Successfully Sent the following keys: '' to element: <[[FirefoxDriver: firefox on WINDOWS (123590d7-b4d6-4b2c-8b22-6ecfbfaf8e96)] -> id: loginFrm_loginname]>
2023-04-11 18:04:808 INFO  BasePage:280 - WebElement is visible using locator: <[[FirefoxDriver: firefox on WINDOWS (123590d7-b4d6-4b2c-8b22-6ecfbfaf8e96)] -> css selector: #loginFrm_password]>
2023-04-11 18:04:949 INFO  BasePage:112 - Successfully Sent the following keys: '' to element: <[[FirefoxDriver: firefox on WINDOWS (123590d7-b4d6-4b2c-8b22-6ecfbfaf8e96)] -> css selector: #loginFrm_password]>
2023-04-11 18:04:143 INFO  VerificationHelper:19 - element is Displayed..Login
2023-04-11 18:04:243 INFO  BasePage:125 - waiting for WebElement: <×
Error: Incorrect login or password provided.>
2023-04-11 18:04:596 INFO  BasePage:50 - Initialize Web driver: 381768094
2023-04-11 18:04:598 INFO  WaitHelper:133 - waiting for page to load for : SECONDS seconds
2023-04-11 18:04:645 INFO  WaitHelper:135 - page is loaded
2023-04-11 18:04:797 INFO  BasePage:65 - navigate To IndexPage....: https://automationteststore.com
2023-04-11 18:04:977 INFO  VerificationHelper:19 - element is Displayed..Login or register
2023-04-11 18:04:132 INFO  BasePage:153 - Successfully Found element as :Login or register
2023-04-11 18:04:555 INFO  BasePage:207 - The element is Login or register Enabled
2023-04-11 18:04:88 INFO  BasePage:131 - WebElement is clicked: <Login or register>
2023-04-11 18:04:705 INFO  BasePage:280 - WebElement is visible using locator: <[[FirefoxDriver: firefox on WINDOWS (c3ed2d3e-44f4-4e31-8b5b-3553f02044fa)] -> id: loginFrm_loginname]>
2023-04-11 18:04:191 INFO  BasePage:112 - Successfully Sent the following keys: 'datastudioplace' to element: <[[FirefoxDriver: firefox on WINDOWS (c3ed2d3e-44f4-4e31-8b5b-3553f02044fa)] -> id: loginFrm_loginname]>
2023-04-11 18:04:299 INFO  BasePage:280 - WebElement is visible using locator: <[[FirefoxDriver: firefox on WINDOWS (c3ed2d3e-44f4-4e31-8b5b-3553f02044fa)] -> css selector: #loginFrm_password]>
2023-04-11 18:04:478 INFO  BasePage:112 - Successfully Sent the following keys: '' to element: <[[FirefoxDriver: firefox on WINDOWS (c3ed2d3e-44f4-4e31-8b5b-3553f02044fa)] -> css selector: #loginFrm_password]>
2023-04-11 18:04:761 INFO  VerificationHelper:19 - element is Displayed..Login
2023-04-11 18:04:769 INFO  BasePage:125 - waiting for WebElement: <×
Error: Incorrect login or password provided.>
2023-04-11 18:04:851 INFO  BasePage:50 - Initialize Web driver: 240919651
2023-04-11 18:04:853 INFO  WaitHelper:133 - waiting for page to load for : SECONDS seconds
2023-04-11 18:04:872 INFO  WaitHelper:135 - page is loaded
2023-04-11 18:04:923 INFO  BasePage:65 - navigate To IndexPage....: https://automationteststore.com
2023-04-11 18:04:142 INFO  VerificationHelper:19 - element is Displayed..Login or register
2023-04-11 18:04:277 INFO  BasePage:153 - Successfully Found element as :Login or register
2023-04-11 18:04:480 INFO  BasePage:207 - The element is Login or register Enabled
2023-04-11 18:04:862 INFO  BasePage:131 - WebElement is clicked: <Login or register>
2023-04-11 18:04:115 INFO  BasePage:280 - WebElement is visible using locator: <[[FirefoxDriver: firefox on WINDOWS (e6f148ec-5f2b-4d62-a1ec-a1245fc67299)] -> id: loginFrm_loginname]>
2023-04-11 18:04:454 INFO  BasePage:112 - Successfully Sent the following keys: '' to element: <[[FirefoxDriver: firefox on WINDOWS (e6f148ec-5f2b-4d62-a1ec-a1245fc67299)] -> id: loginFrm_loginname]>
2023-04-11 18:04:553 INFO  BasePage:280 - WebElement is visible using locator: <[[FirefoxDriver: firefox on WINDOWS (e6f148ec-5f2b-4d62-a1ec-a1245fc67299)] -> css selector: #loginFrm_password]>
2023-04-11 18:04:742 INFO  BasePage:112 - Successfully Sent the following keys: 'Manchester1' to element: <[[FirefoxDriver: firefox on WINDOWS (e6f148ec-5f2b-4d62-a1ec-a1245fc67299)] -> css selector: #loginFrm_password]>
2023-04-11 18:04:883 INFO  VerificationHelper:19 - element is Displayed..Login
2023-04-11 18:04:843 INFO  BasePage:125 - waiting for WebElement: <×
Error: Incorrect login or password provided.>
2023-04-11 19:04:485 INFO  BasePage:50 - Initialize Web driver: 1449664175
2023-04-11 19:04:508 INFO  WaitHelper:133 - waiting for page to load for : SECONDS seconds
2023-04-11 19:04:549 INFO  WaitHelper:135 - page is loaded
2023-04-11 19:04:921 INFO  BasePage:65 - navigate To IndexPage....: https://automationteststore.com/
2023-04-11 19:04:541 INFO  JavaScriptHelper:77 - scroll till web element
2023-04-11 19:04:49 INFO  BasePage:50 - Initialize Web driver: 1449664175
2023-04-11 19:04:110 INFO  WaitHelper:133 - waiting for page to load for : SECONDS seconds
2023-04-11 19:04:172 INFO  WaitHelper:135 - page is loaded
2023-04-11 19:04:579 INFO  BasePage:65 - navigate To IndexPage....: https://automationteststore.com/
2023-04-11 19:04:843 INFO  JavaScriptHelper:77 - scroll till web element
2023-04-11 19:04:705 INFO  BasePage:50 - Initialize Web driver: 497333939
2023-04-11 19:04:735 INFO  WaitHelper:133 - waiting for page to load for : SECONDS seconds
2023-04-11 19:04:820 INFO  WaitHelper:135 - page is loaded
2023-04-11 19:04:212 INFO  BasePage:65 - navigate To IndexPage....: https://automationteststore.com/
2023-04-11 19:04:316 INFO  JavaScriptHelper:77 - scroll till web element
2023-04-11 19:04:356 INFO  BasePage:50 - Initialize Web driver: 171160803
2023-04-11 19:04:394 INFO  WaitHelper:133 - waiting for page to load for : SECONDS seconds
2023-04-11 19:04:481 INFO  WaitHelper:135 - page is loaded
2023-04-11 19:04:832 INFO  BasePage:65 - navigate To IndexPage....: https://automationteststore.com/
2023-04-11 19:04:413 INFO  JavaScriptHelper:77 - scroll till web element
2023-04-11 19:04:874 INFO  BasePage:50 - Initialize Web driver: 724736957
2023-04-11 19:04:904 INFO  WaitHelper:133 - waiting for page to load for : SECONDS seconds
2023-04-11 19:04:966 INFO  WaitHelper:135 - page is loaded
2023-04-11 19:04:409 INFO  BasePage:65 - navigate To IndexPage....: https://automationteststore.com/
2023-04-11 19:04:290 INFO  JavaScriptHelper:77 - scroll till web element
2023-04-11 19:04:683 INFO  BasePage:50 - Initialize Web driver: 187649742
2023-04-11 19:04:735 INFO  WaitHelper:133 - waiting for page to load for : SECONDS seconds
2023-04-11 19:04:896 INFO  WaitHelper:135 - page is loaded
2023-04-11 19:04:154 INFO  BasePage:65 - navigate To IndexPage....: https://automationteststore.com/
2023-04-11 19:04:633 INFO  JavaScriptHelper:77 - scroll till web element
2023-04-11 19:04:788 INFO  BasePage:50 - Initialize Web driver: 1926296244
2023-04-11 19:04:820 INFO  WaitHelper:133 - waiting for page to load for : SECONDS seconds
2023-04-11 19:04:865 INFO  WaitHelper:135 - page is loaded
2023-04-11 19:04:239 INFO  BasePage:65 - navigate To IndexPage....: https://automationteststore.com/
2023-04-11 19:04:958 INFO  JavaScriptHelper:77 - scroll till web element
2023-04-11 19:04:04 INFO  BasePage:50 - Initialize Web driver: 1449664175
2023-04-11 19:04:43 INFO  WaitHelper:133 - waiting for page to load for : SECONDS seconds
2023-04-11 19:04:85 INFO  WaitHelper:135 - page is loaded
2023-04-11 19:04:406 INFO  BasePage:65 - navigate To IndexPage....: https://automationteststore.com/
2023-04-11 19:04:271 INFO  JavaScriptHelper:77 - scroll till web element
2023-04-11 19:04:897 INFO  BasePage:50 - Initialize Web driver: 1107218767
2023-04-11 19:04:927 INFO  WaitHelper:133 - waiting for page to load for : SECONDS seconds
2023-04-11 19:04:968 INFO  WaitHelper:135 - page is loaded
2023-04-11 19:04:333 INFO  BasePage:65 - navigate To IndexPage....: https://automationteststore.com/
2023-04-11 19:04:724 INFO  JavaScriptHelper:77 - scroll till web element
2023-04-11 19:04:731 INFO  BasePage:50 - Initialize Web driver: 1221433900
2023-04-11 19:04:782 INFO  WaitHelper:133 - waiting for page to load for : SECONDS seconds
2023-04-11 19:04:854 INFO  WaitHelper:135 - page is loaded
2023-04-11 19:04:426 INFO  BasePage:65 - navigate To IndexPage....: https://automationteststore.com/
2023-04-11 19:04:576 INFO  JavaScriptHelper:77 - scroll till web element
2023-04-11 19:04:156 INFO  BasePage:50 - Initialize Web driver: 1147943200
2023-04-11 19:04:206 INFO  WaitHelper:133 - waiting for page to load for : SECONDS seconds
2023-04-11 19:04:253 INFO  WaitHelper:135 - page is loaded
2023-04-11 19:04:530 INFO  BasePage:65 - navigate To IndexPage....: https://automationteststore.com/
2023-04-11 19:04:549 INFO  JavaScriptHelper:77 - scroll till web element
2023-04-11 20:04:24 INFO  BasePage:50 - Initialize Web driver: 1406851189
2023-04-11 20:04:65 INFO  WaitHelper:133 - waiting for page to load for : SECONDS seconds
2023-04-11 20:04:122 INFO  WaitHelper:135 - page is loaded
2023-04-11 20:04:376 INFO  BasePage:65 - navigate To IndexPage....: https://automationteststore.com/
2023-04-11 20:04:451 INFO  JavaScriptHelper:77 - scroll till web element
2023-04-11 20:04:547 INFO  BasePage:50 - Initialize Web driver: 171160803
2023-04-11 20:04:43 INFO  WaitHelper:133 - waiting for page to load for : SECONDS seconds
2023-04-11 20:04:128 INFO  WaitHelper:135 - page is loaded
2023-04-11 20:04:639 INFO  BasePage:65 - navigate To IndexPage....: https://automationteststore.com/
2023-04-11 20:04:941 INFO  JavaScriptHelper:77 - scroll till web element
2023-04-11 20:04:983 INFO  BasePage:50 - Initialize Web driver: 1147943200
2023-04-11 20:04:52 INFO  WaitHelper:133 - waiting for page to load for : SECONDS seconds
2023-04-11 20:04:176 INFO  WaitHelper:135 - page is loaded
2023-04-11 20:04:796 INFO  BasePage:65 - navigate To IndexPage....: https://automationteststore.com/
2023-04-11 20:04:431 INFO  JavaScriptHelper:77 - scroll till web element
2023-04-11 20:04:983 INFO  BasePage:50 - Initialize Web driver: 881977454
2023-04-11 20:04:15 INFO  WaitHelper:133 - waiting for page to load for : SECONDS seconds
2023-04-11 20:04:79 INFO  WaitHelper:135 - page is loaded
2023-04-11 20:04:406 INFO  BasePage:65 - navigate To IndexPage....: https://automationteststore.com/
2023-04-11 20:04:853 INFO  JavaScriptHelper:77 - scroll till web element
2023-04-11 20:04:382 INFO  BasePage:50 - Initialize Web driver: 576261694
2023-04-11 20:04:398 INFO  WaitHelper:133 - waiting for page to load for : SECONDS seconds
2023-04-11 20:04:456 INFO  WaitHelper:135 - page is loaded
2023-04-11 20:04:745 INFO  BasePage:65 - navigate To IndexPage....: https://automationteststore.com/
2023-04-11 20:04:17 INFO  JavaScriptHelper:77 - scroll till web element
2023-04-11 20:04:861 INFO  BasePage:50 - Initialize Web driver: 1107218767
2023-04-11 20:04:878 INFO  WaitHelper:133 - waiting for page to load for : SECONDS seconds
2023-04-11 20:04:909 INFO  WaitHelper:135 - page is loaded
2023-04-11 20:04:218 INFO  BasePage:65 - navigate To IndexPage....: https://automationteststore.com/
2023-04-11 20:04:719 INFO  JavaScriptHelper:77 - scroll till web element
2023-04-11 23:04:960 INFO  BasePage:56 - Initialize Web driver: 621432843
2023-04-11 23:04:982 INFO  WaitHelper:133 - waiting for page to load for : SECONDS seconds
2023-04-11 23:04:14 INFO  WaitHelper:135 - page is loaded
2023-04-11 23:04:572 INFO  BasePage:65 - navigate To IndexPage....: https://automationteststore.com/
2023-04-11 23:04:806 INFO  BasePage:131 - WebElement is clicked: <Login or register>
2023-04-11 23:04:595 INFO  BasePage:56 - Initialize Web driver: 549049813
2023-04-11 23:04:618 INFO  WaitHelper:133 - waiting for page to load for : SECONDS seconds
2023-04-11 23:04:646 INFO  WaitHelper:135 - page is loaded
2023-04-11 23:04:109 INFO  BasePage:65 - navigate To IndexPage....: https://automationteststore.com/
2023-04-11 23:04:83 INFO  BasePage:131 - WebElement is clicked: <Login or register>
2023-04-12 06:04:122 INFO  BasePage:56 - Initialize Web driver: 332405156
2023-04-12 06:04:150 INFO  WaitHelper:133 - waiting for page to load for : SECONDS seconds
2023-04-12 06:04:202 INFO  WaitHelper:135 - page is loaded
2023-04-12 06:04:876 INFO  BasePage:65 - navigate To IndexPage....: https://automationteststore.com/
2023-04-12 06:04:310 INFO  BasePage:131 - WebElement is clicked: <Login or register>
2023-04-12 06:04:344 INFO  BasePage:56 - Initialize Web driver: 1594600318
2023-04-12 06:04:362 INFO  WaitHelper:133 - waiting for page to load for : SECONDS seconds
2023-04-12 06:04:405 INFO  WaitHelper:135 - page is loaded
2023-04-12 06:04:815 INFO  BasePage:65 - navigate To IndexPage....: https://automationteststore.com
2023-04-12 06:04:461 INFO  VerificationHelper:19 - element is Displayed..Login or register
2023-04-12 06:04:743 INFO  BasePage:153 - Successfully Found element as :Login or register
2023-04-12 06:04:36 INFO  BasePage:207 - The element is Login or register Enabled
2023-04-12 06:04:605 INFO  BasePage:131 - WebElement is clicked: <Login or register>
2023-04-12 06:04:779 INFO  BasePage:280 - WebElement is visible using locator: <[[ChromeDriver: chrome on WINDOWS (47faea89bd9390c2a50f620d6f9be1a5)] -> id: loginFrm_loginname]>
2023-04-12 06:04:474 INFO  BasePage:112 - Successfully Sent the following keys: 'WrongLoginName' to element: <[[ChromeDriver: chrome on WINDOWS (47faea89bd9390c2a50f620d6f9be1a5)] -> id: loginFrm_loginname]>
2023-04-12 06:04:613 INFO  BasePage:280 - WebElement is visible using locator: <[[ChromeDriver: chrome on WINDOWS (47faea89bd9390c2a50f620d6f9be1a5)] -> css selector: #loginFrm_password]>
2023-04-12 06:04:385 INFO  BasePage:112 - Successfully Sent the following keys: 'Manchester1' to element: <[[ChromeDriver: chrome on WINDOWS (47faea89bd9390c2a50f620d6f9be1a5)] -> css selector: #loginFrm_password]>
2023-04-12 06:04:555 INFO  VerificationHelper:19 - element is Displayed..Login
2023-04-12 06:04:784 INFO  BasePage:125 - waiting for WebElement: <×
Error: Incorrect login or password provided.>
2023-04-12 06:04:208 INFO  BasePage:56 - Initialize Web driver: 507575219
2023-04-12 06:04:209 INFO  WaitHelper:133 - waiting for page to load for : SECONDS seconds
2023-04-12 06:04:246 INFO  WaitHelper:135 - page is loaded
2023-04-12 06:04:547 INFO  BasePage:65 - navigate To IndexPage....: https://automationteststore.com
2023-04-12 06:04:700 INFO  VerificationHelper:19 - element is Displayed..Login or register
2023-04-12 06:04:882 INFO  BasePage:153 - Successfully Found element as :Login or register
2023-04-12 06:04:197 INFO  BasePage:207 - The element is Login or register Enabled
2023-04-12 06:04:693 INFO  BasePage:131 - WebElement is clicked: <Login or register>
2023-04-12 06:04:847 INFO  BasePage:280 - WebElement is visible using locator: <[[ChromeDriver: chrome on WINDOWS (d43c2f5e33c83aa64375ce27e57d87b9)] -> id: loginFrm_loginname]>
2023-04-12 06:04:442 INFO  BasePage:112 - Successfully Sent the following keys: 'datastudioplace' to element: <[[ChromeDriver: chrome on WINDOWS (d43c2f5e33c83aa64375ce27e57d87b9)] -> id: loginFrm_loginname]>
2023-04-12 06:04:546 INFO  BasePage:280 - WebElement is visible using locator: <[[ChromeDriver: chrome on WINDOWS (d43c2f5e33c83aa64375ce27e57d87b9)] -> css selector: #loginFrm_password]>
2023-04-12 06:04:75 INFO  BasePage:112 - Successfully Sent the following keys: 'WrongPassword' to element: <[[ChromeDriver: chrome on WINDOWS (d43c2f5e33c83aa64375ce27e57d87b9)] -> css selector: #loginFrm_password]>
2023-04-12 06:04:241 INFO  VerificationHelper:19 - element is Displayed..Login
2023-04-12 06:04:436 INFO  BasePage:125 - waiting for WebElement: <×
Error: Incorrect login or password provided.>
2023-04-12 06:04:235 INFO  BasePage:56 - Initialize Web driver: 2061865206
2023-04-12 06:04:236 INFO  WaitHelper:133 - waiting for page to load for : SECONDS seconds
2023-04-12 06:04:249 INFO  WaitHelper:135 - page is loaded
2023-04-12 06:04:646 INFO  BasePage:65 - navigate To IndexPage....: https://automationteststore.com
2023-04-12 06:04:259 INFO  VerificationHelper:19 - element is Displayed..Login or register
2023-04-12 06:04:473 INFO  BasePage:153 - Successfully Found element as :Login or register
2023-04-12 06:04:665 INFO  BasePage:207 - The element is Login or register Enabled
2023-04-12 06:04:78 INFO  BasePage:131 - WebElement is clicked: <Login or register>
2023-04-12 06:04:125 INFO  BasePage:280 - WebElement is visible using locator: <[[ChromeDriver: chrome on WINDOWS (6743a0fa41017f458ea87ff5249c3183)] -> id: loginFrm_loginname]>
2023-04-12 06:04:643 INFO  BasePage:112 - Successfully Sent the following keys: 'WrongLoginName' to element: <[[ChromeDriver: chrome on WINDOWS (6743a0fa41017f458ea87ff5249c3183)] -> id: loginFrm_loginname]>
2023-04-12 06:04:745 INFO  BasePage:280 - WebElement is visible using locator: <[[ChromeDriver: chrome on WINDOWS (6743a0fa41017f458ea87ff5249c3183)] -> css selector: #loginFrm_password]>
2023-04-12 06:04:269 INFO  BasePage:112 - Successfully Sent the following keys: 'WrongPassword' to element: <[[ChromeDriver: chrome on WINDOWS (6743a0fa41017f458ea87ff5249c3183)] -> css selector: #loginFrm_password]>
2023-04-12 06:04:409 INFO  VerificationHelper:19 - element is Displayed..Login
2023-04-12 06:04:230 INFO  BasePage:125 - waiting for WebElement: <×
Error: Incorrect login or password provided.>
2023-04-12 06:04:493 INFO  BasePage:56 - Initialize Web driver: 1578052738
2023-04-12 06:04:494 INFO  WaitHelper:133 - waiting for page to load for : SECONDS seconds
2023-04-12 06:04:509 INFO  WaitHelper:135 - page is loaded
2023-04-12 06:04:821 INFO  BasePage:65 - navigate To IndexPage....: https://automationteststore.com
2023-04-12 06:04:223 INFO  VerificationHelper:19 - element is Displayed..Login or register
2023-04-12 06:04:362 INFO  BasePage:153 - Successfully Found element as :Login or register
2023-04-12 06:04:748 INFO  BasePage:207 - The element is Login or register Enabled
2023-04-12 06:04:191 INFO  BasePage:131 - WebElement is clicked: <Login or register>
2023-04-12 06:04:174 INFO  BasePage:280 - WebElement is visible using locator: <[[ChromeDriver: chrome on WINDOWS (c44cac1e4c99933e5a22f5c815ff927d)] -> id: loginFrm_loginname]>
2023-04-12 06:04:549 INFO  BasePage:112 - Successfully Sent the following keys: '' to element: <[[ChromeDriver: chrome on WINDOWS (c44cac1e4c99933e5a22f5c815ff927d)] -> id: loginFrm_loginname]>
2023-04-12 06:04:678 INFO  BasePage:280 - WebElement is visible using locator: <[[ChromeDriver: chrome on WINDOWS (c44cac1e4c99933e5a22f5c815ff927d)] -> css selector: #loginFrm_password]>
2023-04-12 06:04:18 INFO  BasePage:112 - Successfully Sent the following keys: '' to element: <[[ChromeDriver: chrome on WINDOWS (c44cac1e4c99933e5a22f5c815ff927d)] -> css selector: #loginFrm_password]>
2023-04-12 06:04:179 INFO  VerificationHelper:19 - element is Displayed..Login
2023-04-12 06:04:113 INFO  BasePage:125 - waiting for WebElement: <×
Error: Incorrect login or password provided.>
2023-04-12 06:04:551 INFO  BasePage:56 - Initialize Web driver: 604285922
2023-04-12 06:04:556 INFO  WaitHelper:133 - waiting for page to load for : SECONDS seconds
2023-04-12 06:04:590 INFO  WaitHelper:135 - page is loaded
2023-04-12 06:04:983 INFO  BasePage:65 - navigate To IndexPage....: https://automationteststore.com
2023-04-12 06:04:921 INFO  VerificationHelper:19 - element is Displayed..Login or register
2023-04-12 06:04:132 INFO  BasePage:153 - Successfully Found element as :Login or register
2023-04-12 06:04:401 INFO  BasePage:207 - The element is Login or register Enabled
2023-04-12 06:04:858 INFO  BasePage:131 - WebElement is clicked: <Login or register>
2023-04-12 06:04:933 INFO  BasePage:280 - WebElement is visible using locator: <[[ChromeDriver: chrome on WINDOWS (2d02037e3e8b3b2ac4a787ce26434efa)] -> id: loginFrm_loginname]>
2023-04-12 06:04:508 INFO  BasePage:112 - Successfully Sent the following keys: 'datastudioplace' to element: <[[ChromeDriver: chrome on WINDOWS (2d02037e3e8b3b2ac4a787ce26434efa)] -> id: loginFrm_loginname]>
2023-04-12 06:04:609 INFO  BasePage:280 - WebElement is visible using locator: <[[ChromeDriver: chrome on WINDOWS (2d02037e3e8b3b2ac4a787ce26434efa)] -> css selector: #loginFrm_password]>
2023-04-12 06:04:998 INFO  BasePage:112 - Successfully Sent the following keys: '' to element: <[[ChromeDriver: chrome on WINDOWS (2d02037e3e8b3b2ac4a787ce26434efa)] -> css selector: #loginFrm_password]>
2023-04-12 06:04:206 INFO  VerificationHelper:19 - element is Displayed..Login
2023-04-12 06:04:144 INFO  BasePage:125 - waiting for WebElement: <×
Error: Incorrect login or password provided.>
2023-04-12 06:04:773 INFO  BasePage:56 - Initialize Web driver: 809976993
2023-04-12 06:04:774 INFO  WaitHelper:133 - waiting for page to load for : SECONDS seconds
2023-04-12 06:04:792 INFO  WaitHelper:135 - page is loaded
2023-04-12 06:04:35 INFO  BasePage:65 - navigate To IndexPage....: https://automationteststore.com
2023-04-12 06:04:155 INFO  VerificationHelper:19 - element is Displayed..Login or register
2023-04-12 06:04:317 INFO  BasePage:153 - Successfully Found element as :Login or register
2023-04-12 06:04:586 INFO  BasePage:207 - The element is Login or register Enabled
2023-04-12 06:04:36 INFO  BasePage:131 - WebElement is clicked: <Login or register>
2023-04-12 06:04:282 INFO  BasePage:280 - WebElement is visible using locator: <[[ChromeDriver: chrome on WINDOWS (749f9e4c8b1a15ba7cfce1b44c0f30fe)] -> id: loginFrm_loginname]>
2023-04-12 06:04:718 INFO  BasePage:112 - Successfully Sent the following keys: '' to element: <[[ChromeDriver: chrome on WINDOWS (749f9e4c8b1a15ba7cfce1b44c0f30fe)] -> id: loginFrm_loginname]>
2023-04-12 06:04:841 INFO  BasePage:280 - WebElement is visible using locator: <[[ChromeDriver: chrome on WINDOWS (749f9e4c8b1a15ba7cfce1b44c0f30fe)] -> css selector: #loginFrm_password]>
2023-04-12 06:04:316 INFO  BasePage:112 - Successfully Sent the following keys: 'Manchester1' to element: <[[ChromeDriver: chrome on WINDOWS (749f9e4c8b1a15ba7cfce1b44c0f30fe)] -> css selector: #loginFrm_password]>
2023-04-12 06:04:464 INFO  VerificationHelper:19 - element is Displayed..Login
2023-04-12 06:04:709 INFO  BasePage:125 - waiting for WebElement: <×
Error: Incorrect login or password provided.>
2023-04-12 08:04:811 INFO  BasePage:56 - Initialize Web driver: 1337626348
2023-04-12 08:04:842 INFO  WaitHelper:133 - waiting for page to load for : SECONDS seconds
2023-04-12 08:04:905 INFO  WaitHelper:135 - page is loaded
2023-04-12 08:04:300 INFO  BasePage:65 - navigate To IndexPage....: https://automationteststore.com/
2023-04-12 08:04:115 INFO  BasePage:131 - WebElement is clicked: <>
2023-04-12 08:04:650 INFO  BasePage:280 - WebElement is visible using locator: <[[ChromeDriver: chrome on WINDOWS (b3b2eb97b8607bae800c19bf01197992)] -> css selector: #filter_keyword]>
2023-04-12 08:04:148 INFO  BasePage:112 - Successfully Sent the following keys: 'Skincare' to element: <[[ChromeDriver: chrome on WINDOWS (b3b2eb97b8607bae800c19bf01197992)] -> css selector: #filter_keyword]>
2023-04-12 08:04:222 INFO  BasePage:131 - WebElement is clicked: <>
2023-04-12 08:04:913 INFO  BasePage:56 - Initialize Web driver: 863661360
2023-04-12 08:04:932 INFO  WaitHelper:133 - waiting for page to load for : SECONDS seconds
2023-04-12 08:04:982 INFO  WaitHelper:135 - page is loaded
2023-04-12 08:04:395 INFO  BasePage:65 - navigate To IndexPage....: https://automationteststore.com/
2023-04-12 08:04:948 INFO  BasePage:131 - WebElement is clicked: <>
2023-04-12 08:04:482 INFO  BasePage:280 - WebElement is visible using locator: <[[ChromeDriver: chrome on WINDOWS (0e7995f2fc4702ca4115183b87ad1f51)] -> css selector: #filter_keyword]>
2023-04-12 08:04:985 INFO  BasePage:112 - Successfully Sent the following keys: 'Skincare' to element: <[[ChromeDriver: chrome on WINDOWS (0e7995f2fc4702ca4115183b87ad1f51)] -> css selector: #filter_keyword]>
2023-04-12 08:04:59 INFO  BasePage:131 - WebElement is clicked: <>
2023-04-12 10:04:808 INFO  BasePage:56 - Initialize Web driver: 1897732690
2023-04-12 10:04:867 INFO  WaitHelper:133 - waiting for page to load for : SECONDS seconds
2023-04-12 10:04:977 INFO  WaitHelper:135 - page is loaded
2023-04-12 10:04:388 INFO  BasePage:56 - Initialize Web driver: 371156515
2023-04-12 10:04:413 INFO  WaitHelper:133 - waiting for page to load for : SECONDS seconds
2023-04-12 10:04:462 INFO  WaitHelper:135 - page is loaded
2023-04-12 10:04:960 INFO  BasePage:56 - Initialize Web driver: 201069753
2023-04-12 10:04:982 INFO  WaitHelper:133 - waiting for page to load for : SECONDS seconds
2023-04-12 10:04:24 INFO  WaitHelper:135 - page is loaded
2023-04-12 10:04:770 INFO  BasePage:56 - Initialize Web driver: 201069753
2023-04-12 10:04:792 INFO  WaitHelper:133 - waiting for page to load for : SECONDS seconds
2023-04-12 10:04:837 INFO  WaitHelper:135 - page is loaded
2023-04-12 10:04:899 INFO  BasePage:56 - Initialize Web driver: 1763872389
2023-04-12 10:04:954 INFO  WaitHelper:133 - waiting for page to load for : SECONDS seconds
2023-04-12 10:04:51 INFO  WaitHelper:135 - page is loaded
2023-04-12 11:04:193 INFO  BasePage:56 - Initialize Web driver: 1440332016
2023-04-12 11:04:216 INFO  WaitHelper:133 - waiting for page to load for : SECONDS seconds
2023-04-12 11:04:265 INFO  WaitHelper:135 - page is loaded
2023-04-12 11:04:347 INFO  BasePage:56 - Initialize Web driver: 858267892
2023-04-12 11:04:375 INFO  WaitHelper:133 - waiting for page to load for : SECONDS seconds
2023-04-12 11:04:434 INFO  WaitHelper:135 - page is loaded
2023-04-12 11:04:537 INFO  BasePage:56 - Initialize Web driver: 337039263
2023-04-12 11:04:560 INFO  WaitHelper:133 - waiting for page to load for : SECONDS seconds
2023-04-12 11:04:602 INFO  WaitHelper:135 - page is loaded
2023-04-12 11:04:408 INFO  BasePage:56 - Initialize Web driver: 794940817
2023-04-12 11:04:438 INFO  WaitHelper:133 - waiting for page to load for : SECONDS seconds
2023-04-12 11:04:493 INFO  WaitHelper:135 - page is loaded
2023-04-12 11:04:118 INFO  BasePage:56 - Initialize Web driver: 1041611526
2023-04-12 11:04:142 INFO  WaitHelper:133 - waiting for page to load for : SECONDS seconds
2023-04-12 11:04:181 INFO  WaitHelper:135 - page is loaded
2023-04-12 11:04:305 INFO  BasePage:56 - Initialize Web driver: 250702170
2023-04-12 11:04:334 INFO  WaitHelper:133 - waiting for page to load for : SECONDS seconds
2023-04-12 11:04:389 INFO  WaitHelper:135 - page is loaded
2023-04-12 11:04:457 INFO  BasePage:56 - Initialize Web driver: 1440332016
2023-04-12 11:04:480 INFO  WaitHelper:133 - waiting for page to load for : SECONDS seconds
2023-04-12 11:04:523 INFO  WaitHelper:135 - page is loaded
2023-04-12 11:04:431 INFO  BasePage:56 - Initialize Web driver: 1041735841
2023-04-12 11:04:450 INFO  WaitHelper:133 - waiting for page to load for : SECONDS seconds
2023-04-12 11:04:491 INFO  WaitHelper:135 - page is loaded
2023-04-12 11:04:396 INFO  BasePage:56 - Initialize Web driver: 263588219
2023-04-12 11:04:416 INFO  WaitHelper:133 - waiting for page to load for : SECONDS seconds
2023-04-12 11:04:460 INFO  WaitHelper:135 - page is loaded
2023-04-12 11:04:325 INFO  BasePage:56 - Initialize Web driver: 1577353545
2023-04-12 11:04:353 INFO  WaitHelper:133 - waiting for page to load for : SECONDS seconds
2023-04-12 11:04:402 INFO  WaitHelper:135 - page is loaded
2023-04-12 11:04:907 INFO  BasePage:56 - Initialize Web driver: 1788582153
2023-04-12 11:04:935 INFO  WaitHelper:133 - waiting for page to load for : SECONDS seconds
2023-04-12 11:04:991 INFO  WaitHelper:135 - page is loaded
2023-04-12 11:04:748 INFO  BasePage:56 - Initialize Web driver: 1041735841
2023-04-12 11:04:773 INFO  WaitHelper:133 - waiting for page to load for : SECONDS seconds
2023-04-12 11:04:825 INFO  WaitHelper:135 - page is loaded
2023-04-12 11:04:916 INFO  BasePage:56 - Initialize Web driver: 1966480630
2023-04-12 11:04:936 INFO  WaitHelper:133 - waiting for page to load for : SECONDS seconds
2023-04-12 11:04:982 INFO  WaitHelper:135 - page is loaded
2023-04-12 11:04:528 INFO  BasePage:56 - Initialize Web driver: 794940817
2023-04-12 11:04:548 INFO  WaitHelper:133 - waiting for page to load for : SECONDS seconds
2023-04-12 11:04:592 INFO  WaitHelper:135 - page is loaded
2023-04-12 11:04:509 INFO  BasePage:56 - Initialize Web driver: 858267892
2023-04-12 11:04:536 INFO  WaitHelper:133 - waiting for page to load for : SECONDS seconds
2023-04-12 11:04:592 INFO  WaitHelper:135 - page is loaded
2023-04-12 12:04:871 INFO  BasePage:56 - Initialize Web driver: 646204091
2023-04-12 12:04:901 INFO  WaitHelper:133 - waiting for page to load for : SECONDS seconds
2023-04-12 12:04:971 INFO  WaitHelper:135 - page is loaded
2023-04-12 12:04:116 INFO  BasePage:56 - Initialize Web driver: 81907268
2023-04-12 12:04:147 INFO  WaitHelper:133 - waiting for page to load for : SECONDS seconds
2023-04-12 12:04:197 INFO  WaitHelper:135 - page is loaded
2023-04-12 12:04:951 INFO  BasePage:56 - Initialize Web driver: 173115411
2023-04-12 12:04:984 INFO  WaitHelper:133 - waiting for page to load for : SECONDS seconds
2023-04-12 12:04:39 INFO  WaitHelper:135 - page is loaded
2023-04-12 12:04:853 INFO  BasePage:56 - Initialize Web driver: 201069753
2023-04-12 12:04:873 INFO  WaitHelper:133 - waiting for page to load for : SECONDS seconds
2023-04-12 12:04:915 INFO  WaitHelper:135 - page is loaded
2023-04-12 12:04:563 INFO  BasePage:56 - Initialize Web driver: 201069753
2023-04-12 12:04:585 INFO  WaitHelper:133 - waiting for page to load for : SECONDS seconds
2023-04-12 12:04:627 INFO  WaitHelper:135 - page is loaded
2023-04-12 12:04:811 INFO  BasePage:56 - Initialize Web driver: 462911221
2023-04-12 12:04:834 INFO  WaitHelper:133 - waiting for page to load for : SECONDS seconds
2023-04-12 12:04:880 INFO  WaitHelper:135 - page is loaded
2023-04-12 13:04:586 INFO  BasePage:56 - Initialize Web driver: 1323676377
2023-04-12 13:04:617 INFO  WaitHelper:133 - waiting for page to load for : SECONDS seconds
2023-04-12 13:04:676 INFO  WaitHelper:135 - page is loaded
2023-04-12 13:04:136 INFO  BasePage:56 - Initialize Web driver: 771642661
2023-04-12 13:04:164 INFO  WaitHelper:133 - waiting for page to load for : SECONDS seconds
2023-04-12 13:04:236 INFO  WaitHelper:135 - page is loaded
2023-04-12 13:04:09 INFO  BasePage:56 - Initialize Web driver: 173115411
2023-04-12 13:04:47 INFO  WaitHelper:133 - waiting for page to load for : SECONDS seconds
2023-04-12 13:04:172 INFO  WaitHelper:135 - page is loaded
2023-04-12 13:04:42 INFO  BasePage:56 - Initialize Web driver: 173115411
2023-04-12 13:04:72 INFO  WaitHelper:133 - waiting for page to load for : SECONDS seconds
2023-04-12 13:04:175 INFO  WaitHelper:135 - page is loaded
2023-04-12 13:04:711 INFO  BasePage:56 - Initialize Web driver: 494266287
2023-04-12 13:04:11 INFO  WaitHelper:133 - waiting for page to load for : SECONDS seconds
2023-04-12 13:04:171 INFO  WaitHelper:135 - page is loaded
2023-04-12 13:04:389 INFO  BasePage:56 - Initialize Web driver: 1548962651
2023-04-12 13:04:424 INFO  WaitHelper:133 - waiting for page to load for : SECONDS seconds
2023-04-12 13:04:499 INFO  WaitHelper:135 - page is loaded
2023-04-12 14:04:566 INFO  BasePage:56 - Initialize Web driver: 646204091
2023-04-12 14:04:619 INFO  WaitHelper:133 - waiting for page to load for : SECONDS seconds
2023-04-12 14:04:668 INFO  WaitHelper:135 - page is loaded
2023-04-12 14:04:67 INFO  BasePage:56 - Initialize Web driver: 1029148906
2023-04-12 14:04:406 INFO  WaitHelper:133 - waiting for page to load for : SECONDS seconds
2023-04-12 14:04:495 INFO  WaitHelper:135 - page is loaded
2023-04-12 14:04:662 INFO  BasePage:56 - Initialize Web driver: 794940817
2023-04-12 14:04:693 INFO  WaitHelper:133 - waiting for page to load for : SECONDS seconds
2023-04-12 14:04:756 INFO  WaitHelper:135 - page is loaded
2023-04-12 14:04:750 INFO  BasePage:56 - Initialize Web driver: 1137935956
2023-04-12 14:04:956 INFO  WaitHelper:133 - waiting for page to load for : SECONDS seconds
2023-04-12 14:04:47 INFO  WaitHelper:135 - page is loaded
2023-04-12 14:04:719 INFO  BasePage:56 - Initialize Web driver: 1338065644
2023-04-12 14:04:751 INFO  WaitHelper:133 - waiting for page to load for : SECONDS seconds
2023-04-12 14:04:814 INFO  WaitHelper:135 - page is loaded
2023-04-12 14:04:934 INFO  BasePage:56 - Initialize Web driver: 771642661
2023-04-12 14:04:958 INFO  WaitHelper:133 - waiting for page to load for : SECONDS seconds
2023-04-12 14:04:01 INFO  WaitHelper:135 - page is loaded
2023-04-12 14:04:02 INFO  BasePage:56 - Initialize Web driver: 884111637
2023-04-12 14:04:22 INFO  WaitHelper:133 - waiting for page to load for : SECONDS seconds
2023-04-12 14:04:69 INFO  WaitHelper:135 - page is loaded
2023-04-12 15:04:124 INFO  BasePage:56 - Initialize Web driver: 445010547
2023-04-12 15:04:191 INFO  WaitHelper:133 - waiting for page to load for : SECONDS seconds
2023-04-12 15:04:265 INFO  WaitHelper:135 - page is loaded
2023-04-12 15:04:24 INFO  BasePage:56 - Initialize Web driver: 138708980
2023-04-12 15:04:58 INFO  WaitHelper:133 - waiting for page to load for : SECONDS seconds
2023-04-12 15:04:134 INFO  WaitHelper:135 - page is loaded
2023-04-12 17:04:333 INFO  BasePage:56 - Initialize Web driver: 1153256202
2023-04-12 17:04:358 INFO  WaitHelper:133 - waiting for page to load for : SECONDS seconds
2023-04-12 17:04:407 INFO  WaitHelper:135 - page is loaded
2023-04-12 17:04:951 INFO  BasePage:56 - Initialize Web driver: 1481853275
2023-04-12 17:04:977 INFO  WaitHelper:133 - waiting for page to load for : SECONDS seconds
2023-04-12 17:04:37 INFO  WaitHelper:135 - page is loaded
2023-04-12 17:04:348 INFO  BasePage:56 - Initialize Web driver: 1380593659
2023-04-12 17:04:428 INFO  WaitHelper:133 - waiting for page to load for : SECONDS seconds
2023-04-12 17:04:576 INFO  WaitHelper:135 - page is loaded
2023-04-12 17:04:648 INFO  BasePage:56 - Initialize Web driver: 201069753
2023-04-12 17:04:680 INFO  WaitHelper:133 - waiting for page to load for : SECONDS seconds
2023-04-12 17:04:737 INFO  WaitHelper:135 - page is loaded
2023-04-12 23:04:583 INFO  BasePage:56 - Initialize Web driver: 910260820
2023-04-12 23:04:611 INFO  WaitHelper:133 - waiting for page to load for : SECONDS seconds
2023-04-12 23:04:669 INFO  WaitHelper:135 - page is loaded
2023-04-12 23:04:161 INFO  BasePage:56 - Initialize Web driver: 70165127
2023-04-12 23:04:183 INFO  WaitHelper:133 - waiting for page to load for : SECONDS seconds
2023-04-12 23:04:232 INFO  WaitHelper:135 - page is loaded
2023-04-12 23:04:920 INFO  BasePage:56 - Initialize Web driver: 263588219
2023-04-12 23:04:943 INFO  WaitHelper:133 - waiting for page to load for : SECONDS seconds
2023-04-12 23:04:989 INFO  WaitHelper:135 - page is loaded
2023-04-13 00:04:332 INFO  BasePage:56 - Initialize Web driver: 1338065644
2023-04-13 00:04:364 INFO  WaitHelper:133 - waiting for page to load for : SECONDS seconds
2023-04-13 00:04:457 INFO  WaitHelper:135 - page is loaded
2023-04-13 00:04:904 INFO  BasePage:56 - Initialize Web driver: 1917149817
2023-04-13 00:04:925 INFO  WaitHelper:133 - waiting for page to load for : SECONDS seconds
2023-04-13 00:04:968 INFO  WaitHelper:135 - page is loaded
2023-04-13 00:04:947 INFO  BasePage:56 - Initialize Web driver: 884111637
2023-04-13 00:04:979 INFO  WaitHelper:133 - waiting for page to load for : SECONDS seconds
2023-04-13 00:04:45 INFO  WaitHelper:135 - page is loaded
2023-04-13 00:04:646 INFO  BasePage:56 - Initialize Web driver: 201069753
2023-04-13 00:04:677 INFO  WaitHelper:133 - waiting for page to load for : SECONDS seconds
2023-04-13 00:04:733 INFO  WaitHelper:135 - page is loaded
